



























































DATE: 01/25/2018                                    ALBIA SOCCER CLUB FUNDRAISER                                            PAGE:  1
                                                        MOORE      DIVISION                                                         
                                                            SALES REPORT                                                            

   LAST NAME        FIRST NAME       CITY        STATE ZIP CODE    POP TYPE             QUANTITY      DEPOSIT AMT      TOTAL SALES  

   Moore            David            Des Moines   IA   12345-6789   COKE                     1             $1.20            $19.91  

   Billy            Bob              Des Moines   IL   12345-6789   DIET-COKE                2              $.00            $37.42  

   Billy            Joe              Allerton     MI   12345-6789   MELLO-YELLO              3             $2.40            $58.53  

   Smith            John             Leon         MO   12345-6789   CHERRY-COKE              4              $.00            $74.84  

   Dow              Jane             Albia        NE   12345-6789   DIET-CHERRY-COKE         5             $1.20            $94.75  

   Droptable        Johny            Newton       WI   12345-6789   SPRITE                   6             $1.20           $113.46  

   Moore            David            Des Moines   IA   12345-6789   DIET-SPRITE              7             $1.20           $132.17  

   Billy            Bob              Des Moines   IL   12345-6789   DASANI                   8              $.00           $149.68  

   Billy            Joe              Allerton     MI   12345-6789   C2                       9             $2.40           $170.79  

   Smith            John             Leon         MO   12345-6789   MR-PIBB                 10              $.00           $187.10  

   Dow              Jane             Albia        NE   12345-6789   DIET-LEMON-COKE         11             $1.20           $207.01  

***Droptable        Johny            Newton       WI   12345-6789   VANILLA-COKE            22             $1.20           $412.82  


GRAND TOTALS:                                                                                                                       
   COKE                   1   DIET-COKE              2   MELLO-YELLO            3   CHERRY-COKE            4                        
   DIET-CHERRY-COKE       5   SPRITE                 6   DIET-SPRITE            7   DASANI                 8                        
   C2                     9   MR-PIBB               10   DIET-LEMON-COKE       11   VANILLA-COKE          22                        


TEAM TOTALS:                                                                                                                        
   A         $340.38                                                                                                                
   B         $582.41                                                                                                                
   C         $208.21                                                                                                                
   D         $245.63                                                                                                                
   E         $281.85                                                                                                                
***TEAM B IS THE WINNER!!!                                                                                                          